\BOOKMARK [1][-]{section.1}{\376\377\116\373\122\241\200\314\146\157\116\016\166\356\150\007}{}% 1
\BOOKMARK [1][-]{section.2}{\376\377\133\236\163\260\151\202\211\310}{}% 2
\BOOKMARK [1][-]{section.3}{\376\377\116\373\122\241\213\276\213\241\116\016\133\236\163\260}{}% 3
\BOOKMARK [2][-]{subsection.3.1}{\376\377\116\373\122\241\0001\377\032\000Z\000e\000r\000o\000-\000s\000h\000o\000t\000\040\000v\000s\000\040\000F\000e\000w\000-\000s\000h\000o\000t}{section.3}% 4
\BOOKMARK [2][-]{subsection.3.2}{\376\377\116\373\122\241\0002\377\032\137\072\122\066\000\040\000J\000S\000O\000N\000\040\217\223\121\372}{section.3}% 5
\BOOKMARK [2][-]{subsection.3.3}{\376\377\116\373\122\241\0003\377\032\140\035\176\364\224\376\377\010\000C\000o\000T\377\011}{section.3}% 6
\BOOKMARK [2][-]{subsection.3.4}{\376\377\116\373\122\241\0004\377\032\211\322\202\162\142\156\157\024\116\016\000\040\000S\000y\000s\000t\000e\000m\000\040\000P\000r\000o\000m\000p\000t}{section.3}% 7
\BOOKMARK [2][-]{subsection.3.5}{\376\377\116\373\122\241\0005\377\032\143\320\171\072\213\315\142\123\122\006\126\150}{section.3}% 8
\BOOKMARK [2][-]{subsection.3.6}{\376\377\116\373\122\241\0006\377\032\217\355\116\343\117\030\123\026\377\010\000G\000r\000i\000d\000\040\000S\000e\000a\000r\000c\000h\377\011}{section.3}% 9
\BOOKMARK [1][-]{section.4}{\376\377\133\236\232\214\176\323\147\234\116\016\213\260\137\125}{}% 10
\BOOKMARK [2][-]{subsection.4.1}{\376\377\116\373\122\241\0001\377\032\000Z\000e\000r\000o\000-\000s\000h\000o\000t\000\040\000v\000s\000\040\000F\000e\000w\000-\000s\000h\000o\000t}{section.4}% 11
\BOOKMARK [2][-]{subsection.4.2}{\376\377\116\373\122\241\0002\377\032\000J\000S\000O\000N\000\040\211\343\147\220\140\305\121\265}{section.4}% 12
\BOOKMARK [2][-]{subsection.4.3}{\376\377\116\373\122\241\0003\377\032\000C\000o\000T\000\040\133\371\153\324}{section.4}% 13
\BOOKMARK [2][-]{subsection.4.4}{\376\377\116\373\122\241\0004\377\032\211\322\202\162\142\156\157\024\172\063\133\232\140\047}{section.4}% 14
\BOOKMARK [2][-]{subsection.4.5}{\376\377\116\373\122\241\0005\377\032\143\320\171\072\213\315\213\304\122\006\217\223\121\372}{section.4}% 15
\BOOKMARK [2][-]{subsection.4.6}{\376\377\116\373\122\241\0006\377\032\117\341\140\157\133\306\136\246\153\324\217\203}{section.4}% 16
\BOOKMARK [1][-]{section.5}{\376\377\122\006\147\220\116\016\213\250\213\272}{}% 17
\BOOKMARK [2][-]{subsection.5.1}{\376\377\000F\000e\000w\000-\000s\000h\000o\000t\000\040\166\204\117\134\165\050}{section.5}% 18
\BOOKMARK [2][-]{subsection.5.2}{\376\377\000C\000o\000T\000\040\166\204\145\071\217\333\160\271}{section.5}% 19
\BOOKMARK [2][-]{subsection.5.3}{\376\377\000J\000S\000O\000N\000\040\217\223\121\372\176\246\147\137}{section.5}% 20
\BOOKMARK [2][-]{subsection.5.4}{\376\377\000S\000y\000s\000t\000e\000m\000\040\000P\000r\000o\000m\000p\000t\000\040\166\204\172\063\133\232\140\047\145\066\166\312}{section.5}% 21
\BOOKMARK [2][-]{subsection.5.5}{\376\377\213\304\122\006\126\150\116\016\177\121\150\074\144\034\175\042\166\204\123\117\124\014\116\367\120\074}{section.5}% 22
\BOOKMARK [2][-]{subsection.5.6}{\376\377\143\320\171\072\213\315\137\161\124\315\126\340\175\040\123\315\140\035}{section.5}% 23
\BOOKMARK [2][-]{subsection.5.7}{\376\377\133\236\232\214\134\100\226\120\140\047}{section.5}% 24
\BOOKMARK [1][-]{section.6}{\376\377\176\323\213\272}{}% 25
