\BOOKMARK [1][-]{section.1}{\376\377\116\373\122\241\200\314\146\157\116\016\166\356\150\007}{}% 1
\BOOKMARK [1][-]{section.2}{\376\377\166\370\121\163\135\345\117\134}{}% 2
\BOOKMARK [1][-]{section.3}{\376\377\145\160\143\156\226\306\116\016\230\204\131\004\164\006}{}% 3
\BOOKMARK [2][-]{subsection.3.1}{\376\377\145\160\143\156\226\306}{section.3}% 4
\BOOKMARK [2][-]{subsection.3.2}{\376\377\145\160\143\156\122\006\136\003\116\016\122\022\122\006\213\364\146\016}{section.3}% 5
\BOOKMARK [2][-]{subsection.3.3}{\376\377\162\171\137\201\143\320\123\326}{section.3}% 6
\BOOKMARK [2][-]{subsection.3.4}{\376\377\162\171\137\201\123\302\145\160\116\016\213\276\213\241\164\006\165\061}{section.3}% 7
\BOOKMARK [1][-]{section.4}{\376\377\152\041\127\213\145\271\154\325}{}% 8
\BOOKMARK [2][-]{subsection.4.1}{\376\377\177\121\176\334\176\323\147\204}{section.4}% 9
\BOOKMARK [2][-]{subsection.4.2}{\376\377\117\115\177\156\177\026\170\001}{section.4}% 10
\BOOKMARK [2][-]{subsection.4.3}{\376\377\122\006\174\173\131\064}{section.4}% 11
\BOOKMARK [1][-]{section.5}{\376\377\133\236\232\214\213\276\177\156}{}% 12
\BOOKMARK [2][-]{subsection.5.1}{\376\377\145\160\143\156\122\022\122\006}{section.5}% 13
\BOOKMARK [2][-]{subsection.5.2}{\376\377\133\236\163\260\163\257\130\203\116\016\131\015\163\260\140\047}{section.5}% 14
\BOOKMARK [2][-]{subsection.5.3}{\376\377\213\255\176\303\221\115\177\156\377\010\236\330\213\244\213\276\177\156\377\011}{section.5}% 15
\BOOKMARK [2][-]{subsection.5.4}{\376\377\213\304\117\060\143\007\150\007}{section.5}% 16
\BOOKMARK [1][-]{section.6}{\376\377\133\236\232\214\176\323\147\234}{}% 17
\BOOKMARK [2][-]{subsection.6.1}{\376\377\140\073\117\123\143\007\150\007}{section.6}% 18
\BOOKMARK [2][-]{subsection.6.2}{\376\377\123\357\211\306\123\026\176\323\147\234}{section.6}% 19
\BOOKMARK [1][-]{section.7}{\376\377\176\323\147\234\122\006\147\220}{}% 20
\BOOKMARK [1][-]{section.8}{\376\377\174\373\176\337\134\125\171\072\116\016\122\237\200\375}{}% 21
\BOOKMARK [2][-]{subsection.8.1}{\376\377\000G\000U\000I\000\040\176\317\121\170\213\355\227\363\155\113\213\325}{section.8}% 22
\BOOKMARK [2][-]{subsection.8.2}{\376\377\213\357\135\356\147\145\156\220\116\016\145\071\217\333\122\006\147\220}{section.8}% 23
\BOOKMARK [1][-]{section.9}{\376\377\134\100\226\120\116\016\145\071\217\333\145\271\124\021}{}% 24
\BOOKMARK [1][-]{section.10}{\376\377\176\323\213\272}{}% 25
\BOOKMARK [1][-]{section.11}{\376\377\116\073\211\201\116\343\170\001\116\016\145\160\143\156\226\306\213\364\146\016}{}% 26
\BOOKMARK [2][-]{subsection.11.1}{\376\377\145\160\143\156\226\306\377\032\000C\000A\000S\000I\000A\000\040\000d\000a\000t\000a\000b\000a\000s\000e}{section.11}% 27
\BOOKMARK [2][-]{subsection.11.2}{\376\377\000d\000a\000t\000a\000s\000e\000t\000.\000p\000y}{section.11}% 28
\BOOKMARK [2][-]{subsection.11.3}{\376\377\000m\000o\000d\000e\000l\000.\000p\000y}{section.11}% 29
\BOOKMARK [2][-]{subsection.11.4}{\376\377\000t\000r\000a\000i\000n\000.\000p\000y}{section.11}% 30
\BOOKMARK [2][-]{subsection.11.5}{\376\377\000t\000e\000s\000t\000.\000p\000y}{section.11}% 31
\BOOKMARK [2][-]{subsection.11.6}{\376\377\000a\000p\000p\000\137\000g\000u\000i\000.\000p\000y}{section.11}% 32
