\BOOKMARK [1][-]{section.1}{\376\377\116\373\122\241\200\314\146\157\116\016\166\356\150\007}{}% 1
\BOOKMARK [1][-]{section.2}{\376\377\174\373\176\337\213\276\213\241\116\016\145\271\154\325}{}% 2
\BOOKMARK [2][-]{subsection.2.1}{\376\377\217\367\133\253\163\257\130\203\136\372\152\041}{section.2}% 3
\BOOKMARK [2][-]{subsection.2.2}{\376\377\131\126\122\261\213\276\213\241}{section.2}% 4
\BOOKMARK [2][-]{subsection.2.3}{\376\377\000Q\000-\000L\000e\000a\000r\000n\000i\000n\000g\000\040\146\364\145\260\121\154\137\017}{section.2}% 5
\BOOKMARK [2][-]{subsection.2.4}{\376\377\213\255\176\303\155\101\172\013\116\016\126\336\124\010\143\247\122\066}{section.2}% 6
\BOOKMARK [2][-]{subsection.2.5}{\376\377\123\357\211\306\123\026\116\016\116\244\116\222}{section.2}% 7
\BOOKMARK [1][-]{section.3}{\376\377\133\236\232\214\213\276\177\156}{}% 8
\BOOKMARK [2][-]{subsection.3.1}{\376\377\133\236\163\260\163\257\130\203}{section.3}% 9
\BOOKMARK [2][-]{subsection.3.2}{\376\377\150\070\137\303\123\302\145\160}{section.3}% 10
\BOOKMARK [1][-]{section.4}{\376\377\133\236\232\214\176\323\147\234\116\016\122\006\147\220}{}% 11
\BOOKMARK [1][-]{section.5}{\376\377\174\373\176\337\134\125\171\072\116\016\122\237\200\375}{}% 12
\BOOKMARK [2][-]{subsection.5.1}{\376\377\000G\000U\000I\165\114\227\142\213\364\146\016\116\016\147\000\117\030\215\357\137\204\157\024\171\072}{section.5}% 13
\BOOKMARK [1][-]{section.6}{\376\377\134\100\226\120\116\016\145\071\217\333\145\271\124\021}{}% 14
\BOOKMARK [1][-]{section.7}{\376\377\176\323\213\272}{}% 15
\BOOKMARK [1][-]{section.8}{\376\377\116\073\211\201\116\343\170\001\213\364\146\016}{}% 16
\BOOKMARK [2][-]{subsection.8.1}{\376\377\000m\000a\000z\000e\000\137\000e\000n\000v\000.\000p\000y}{section.8}% 17
\BOOKMARK [2][-]{subsection.8.2}{\376\377\000r\000l\000\137\000b\000r\000a\000i\000n\000.\000p\000y}{section.8}% 18
\BOOKMARK [2][-]{subsection.8.3}{\376\377\000m\000a\000i\000n\000.\000p\000y}{section.8}% 19
\BOOKMARK [2][-]{subsection.8.4}{\376\377\000r\000u\000n\000.\000p\000y}{section.8}% 20
